生成启动时间为 2017/10/25 16:29:15。
     1>项目“E:\myself code\Deque\Deque\Deque\Deque.vcxproj”在节点 2 上(rebuild 个目标)。
     1>_PrepareForClean:
         正在删除文件“Debug\Deque.lastbuildstate”。
       InitializeBuildStatus:
         正在创建“Debug\Deque.unsuccessfulbuild”，因为已指定“AlwaysCreate”。
       ClCompile:
         d:\vs\VC\bin\CL.exe /c /ZI /nologo /W3 /WX- /Od /Oy- /D _MBCS /Gm /EHsc /RTC1 /MDd /GS /fp:precise /Zc:wchar_t /Zc:forScope /Fo"Debug\\" /Fd"Debug\vc100.pdb" /Gd /TP /analyze- /errorReport:prompt Deque.cpp main.cpp
         main.cpp
         Deque.cpp
         正在生成代码...
       Link:
         d:\vs\VC\bin\link.exe /ERRORREPORT:PROMPT /OUT:"E:\myself code\Deque\Deque\Debug\Deque.exe" /NOLOGO kernel32.lib user32.lib gdi32.lib winspool.lib comdlg32.lib advapi32.lib shell32.lib ole32.lib oleaut32.lib uuid.lib odbc32.lib odbccp32.lib /MANIFEST /ManifestFile:"Debug\Deque.exe.intermediate.manifest" /MANIFESTUAC:"level='asInvoker' uiAccess='false'" /DEBUG /PDB:"E:\myself code\Deque\Deque\Debug\Deque.pdb" /TLBID:1 /DYNAMICBASE /NXCOMPAT /IMPLIB:"E:\myself code\Deque\Deque\Debug\Deque.lib" /MACHINE:X86 Debug\Deque.obj
         Debug\main.obj
         Deque.vcxproj -> E:\myself code\Deque\Deque\Debug\Deque.exe
       Manifest:
         C:\Program Files (x86)\Microsoft SDKs\Windows\v7.0A\bin\mt.exe /nologo /verbose /outputresource:"E:\myself code\Deque\Deque\Debug\Deque.exe;#1" /manifest Debug\Deque.exe.intermediate.manifest
       FinalizeBuildStatus:
         正在删除文件“Debug\Deque.unsuccessfulbuild”。
         正在对“Debug\Deque.lastbuildstate”执行 Touch 任务。
     1>已完成生成项目“E:\myself code\Deque\Deque\Deque\Deque.vcxproj”(rebuild 个目标)的操作。

生成成功。

已用时间 00:00:00.52
