Build started 2017/9/15 16:38:40.
     1>Project "E:\myself code\ServiceSocket\ServiceSocket\ServiceSocket.vcxproj" on node 2 (build target(s)).
     1>InitializeBuildStatus:
         Creating "Debug\ServiceSocket.unsuccessfulbuild" because "AlwaysCreate" was specified.
       ClCompile:
         c:\Program Files\Microsoft Visual Studio 10.0\VC\bin\CL.exe /c /ZI /nologo /W3 /WX- /Od /Oy- /D _MBCS /Gm /EHsc /RTC1 /MDd /GS /fp:precise /Zc:wchar_t /Zc:forScope /Fo"Debug\\" /Fd"Debug\vc100.pdb" /Gd /TP /analyze- /errorReport:prompt main.cpp
         main.cpp
     1>e:\myself code\servicesocket\servicesocket\main.cpp(14): warning C4018: '<' : signed/unsigned mismatch
                 e:\myself code\servicesocket\servicesocket\main.cpp(56) : see reference to function template instantiation 'void display<std::string>(const std::string &,const std::vector<_Ty> &)' being compiled
                 with
                 [
                     _Ty=std::string
                 ]
       Link:
         c:\Program Files\Microsoft Visual Studio 10.0\VC\bin\link.exe /ERRORREPORT:PROMPT /OUT:"E:\myself code\ServiceSocket\Debug\ServiceSocket.exe" /NOLOGO kernel32.lib user32.lib gdi32.lib winspool.lib comdlg32.lib advapi32.lib shell32.lib ole32.lib oleaut32.lib uuid.lib odbc32.lib odbccp32.lib /MANIFEST /ManifestFile:"Debug\ServiceSocket.exe.intermediate.manifest" /MANIFESTUAC:"level='asInvoker' uiAccess='false'" /DEBUG /PDB:"E:\myself code\ServiceSocket\Debug\ServiceSocket.pdb" /TLBID:1 /DYNAMICBASE /NXCOMPAT /IMPLIB:"E:\myself code\ServiceSocket\Debug\ServiceSocket.lib" /MACHINE:X86 Debug\main.obj
         LINK : E:\myself code\ServiceSocket\Debug\ServiceSocket.exe not found or not built by the last incremental link; performing full link
         ServiceSocket.vcxproj -> E:\myself code\ServiceSocket\Debug\ServiceSocket.exe
       Manifest:
         c:\Program Files\Microsoft SDKs\Windows\v7.0A\bin\mt.exe /nologo /verbose /outputresource:"E:\myself code\ServiceSocket\Debug\ServiceSocket.exe;#1" /manifest Debug\ServiceSocket.exe.intermediate.manifest
       FinalizeBuildStatus:
         Deleting file "Debug\ServiceSocket.unsuccessfulbuild".
         Touching "Debug\ServiceSocket.lastbuildstate".
     1>Done Building Project "E:\myself code\ServiceSocket\ServiceSocket\ServiceSocket.vcxproj" (build target(s)).

Build succeeded.

Time Elapsed 00:00:00.58
