E:\MYSELF CODE\RESUME\RESUME\DEBUG\RESUME.EXE
E:\MYSELF CODE\RESUME\RESUME\DEBUG\RESUME.ILK
E:\MYSELF CODE\RESUME\RESUME\DEBUG\RESUME.PDB
E:\myself code\Resume\Resume\Resume\Debug\cl.command.1.tlog
E:\myself code\Resume\Resume\Resume\Debug\CL.read.1.tlog
E:\myself code\Resume\Resume\Resume\Debug\CL.write.1.tlog
E:\myself code\Resume\Resume\Resume\Debug\link.command.1.tlog
E:\myself code\Resume\Resume\Resume\Debug\link.read.1.tlog
E:\myself code\Resume\Resume\Resume\Debug\link.write.1.tlog
E:\MYSELF CODE\RESUME\RESUME\RESUME\DEBUG\MAIN.OBJ
E:\myself code\Resume\Resume\Resume\Debug\mt.command.1.tlog
E:\myself code\Resume\Resume\Resume\Debug\mt.read.1.tlog
E:\myself code\Resume\Resume\Resume\Debug\mt.write.1.tlog
E:\MYSELF CODE\RESUME\RESUME\RESUME\DEBUG\RESUME.EXE.INTERMEDIATE.MANIFEST
E:\MYSELF CODE\RESUME\RESUME\RESUME\DEBUG\RESUME.OBJ
E:\myself code\Resume\Resume\Resume\Debug\Resume.write.1.tlog
E:\MYSELF CODE\RESUME\RESUME\RESUME\DEBUG\RESUMEA.OBJ
E:\MYSELF CODE\RESUME\RESUME\RESUME\DEBUG\RESUMEB.OBJ
E:\myself code\Resume\Resume\Resume\Debug\vc100.idb
E:\MYSELF CODE\RESUME\RESUME\RESUME\DEBUG\VC100.PDB
