Build started 2017/8/25 15:40:45.
     1>Project "E:\myself code\Singleton\Singleton\Singleton.vcxproj" on node 2 (build target(s)).
     1>InitializeBuildStatus:
         Touching "Debug\Singleton.unsuccessfulbuild".
       ClCompile:
         c:\Program Files\Microsoft Visual Studio 10.0\VC\bin\CL.exe /c /ZI /nologo /W3 /WX- /Od /Oy- /D _MBCS /Gm /EHsc /RTC1 /MDd /GS /fp:precise /Zc:wchar_t /Zc:forScope /Fo"Debug\\" /Fd"Debug\vc100.pdb" /Gd /TP /analyze- /errorReport:prompt Singleton.cpp main.cpp
         main.cpp
         Singleton.cpp
         Generating Code...
       Link:
         c:\Program Files\Microsoft Visual Studio 10.0\VC\bin\link.exe /ERRORREPORT:PROMPT /OUT:"E:\myself code\Singleton\Debug\Singleton.exe" /NOLOGO kernel32.lib user32.lib gdi32.lib winspool.lib comdlg32.lib advapi32.lib shell32.lib ole32.lib oleaut32.lib uuid.lib odbc32.lib odbccp32.lib /MANIFEST /ManifestFile:"Debug\Singleton.exe.intermediate.manifest" /MANIFESTUAC:"level='asInvoker' uiAccess='false'" /DEBUG /PDB:"E:\myself code\Singleton\Debug\Singleton.pdb" /TLBID:1 /DYNAMICBASE /NXCOMPAT /IMPLIB:"E:\myself code\Singleton\Debug\Singleton.lib" /MACHINE:X86 Debug\main.obj
         Debug\Singleton.obj
         Singleton.vcxproj -> E:\myself code\Singleton\Debug\Singleton.exe
       Manifest:
         c:\Program Files\Microsoft SDKs\Windows\v7.0A\bin\mt.exe /nologo /verbose /outputresource:"E:\myself code\Singleton\Debug\Singleton.exe;#1" /manifest Debug\Singleton.exe.intermediate.manifest
       FinalizeBuildStatus:
         Deleting file "Debug\Singleton.unsuccessfulbuild".
         Touching "Debug\Singleton.lastbuildstate".
     1>Done Building Project "E:\myself code\Singleton\Singleton\Singleton.vcxproj" (build target(s)).

Build succeeded.

Time Elapsed 00:00:06.23
