Build started 2017/9/20 10:26:57.
     1>Project "E:\myself code\CharacterConversionTool\CharacterConversionTool\CharacterConversionTool.vcxproj" on node 2 (rebuild target(s)).
     1>_PrepareForClean:
         Deleting file "Debug\CharacterConversionTool.lastbuildstate".
       InitializeBuildStatus:
         Creating "Debug\CharacterConversionTool.unsuccessfulbuild" because "AlwaysCreate" was specified.
       ClCompile:
         c:\Program Files\Microsoft Visual Studio 10.0\VC\bin\CL.exe /c /ZI /nologo /W3 /WX- /Od /Oy- /D WIN32 /D _MBCS /Gm /EHsc /RTC1 /MDd /GS /fp:precise /Zc:wchar_t /Zc:forScope /Fo"Debug\\" /Fd"Debug\vc100.pdb" /Gd /TP /analyze- /errorReport:prompt CharacterConversionTool.cpp main.cpp
         main.cpp
         CharacterConversionTool.cpp
         Generating Code...
       Link:
         c:\Program Files\Microsoft Visual Studio 10.0\VC\bin\link.exe /ERRORREPORT:PROMPT /OUT:"E:\myself code\CharacterConversionTool\Debug\CharacterConversionTool.exe" /NOLOGO kernel32.lib user32.lib gdi32.lib winspool.lib comdlg32.lib advapi32.lib shell32.lib ole32.lib oleaut32.lib uuid.lib odbc32.lib odbccp32.lib /MANIFEST /ManifestFile:"Debug\CharacterConversionTool.exe.intermediate.manifest" /MANIFESTUAC:"level='asInvoker' uiAccess='false'" /DEBUG /PDB:"E:\myself code\CharacterConversionTool\Debug\CharacterConversionTool.pdb" /TLBID:1 /DYNAMICBASE /NXCOMPAT /IMPLIB:"E:\myself code\CharacterConversionTool\Debug\CharacterConversionTool.lib" /MACHINE:X86 Debug\CharacterConversionTool.obj
         Debug\main.obj
         CharacterConversionTool.vcxproj -> E:\myself code\CharacterConversionTool\Debug\CharacterConversionTool.exe
       Manifest:
         c:\Program Files\Microsoft SDKs\Windows\v7.0A\bin\mt.exe /nologo /verbose /outputresource:"E:\myself code\CharacterConversionTool\Debug\CharacterConversionTool.exe;#1" /manifest Debug\CharacterConversionTool.exe.intermediate.manifest
       FinalizeBuildStatus:
         Deleting file "Debug\CharacterConversionTool.unsuccessfulbuild".
         Touching "Debug\CharacterConversionTool.lastbuildstate".
     1>Done Building Project "E:\myself code\CharacterConversionTool\CharacterConversionTool\CharacterConversionTool.vcxproj" (rebuild target(s)).

Build succeeded.

Time Elapsed 00:00:03.87
