生成启动时间为 2018/1/26 14:38:01。
     1>项目“E:\myself code\Other\childpointparent\childpointparent\childpointparent.vcxproj”在节点 2 上(build 个目标)。
     1>InitializeBuildStatus:
         正在创建“Debug\childpointparent.unsuccessfulbuild”，因为已指定“AlwaysCreate”。
       ClCompile:
         d:\vs\VC\bin\CL.exe /c /ZI /nologo /W3 /WX- /Od /Oy- /D _MBCS /Gm /EHsc /RTC1 /MDd /GS /fp:precise /Zc:wchar_t /Zc:forScope /Fo"Debug\\" /Fd"Debug\vc100.pdb" /Gd /TP /analyze- /errorReport:prompt main.cpp
         main.cpp
       Link:
         d:\vs\VC\bin\link.exe /ERRORREPORT:PROMPT /OUT:"E:\myself code\Other\childpointparent\Debug\childpointparent.exe" /NOLOGO kernel32.lib user32.lib gdi32.lib winspool.lib comdlg32.lib advapi32.lib shell32.lib ole32.lib oleaut32.lib uuid.lib odbc32.lib odbccp32.lib /MANIFEST /ManifestFile:"Debug\childpointparent.exe.intermediate.manifest" /MANIFESTUAC:"level='asInvoker' uiAccess='false'" /DEBUG /PDB:"E:\myself code\Other\childpointparent\Debug\childpointparent.pdb" /TLBID:1 /DYNAMICBASE /NXCOMPAT /IMPLIB:"E:\myself code\Other\childpointparent\Debug\childpointparent.lib" /MACHINE:X86 Debug\child.obj
         Debug\main.obj
         Debug\parent.obj
         LINK : 没有找到 E:\myself code\Other\childpointparent\Debug\childpointparent.exe 或上一个增量链接没有生成它；正在执行完全链接
         childpointparent.vcxproj -> E:\myself code\Other\childpointparent\Debug\childpointparent.exe
       Manifest:
         C:\Program Files (x86)\Microsoft SDKs\Windows\v7.0A\bin\mt.exe /nologo /verbose /outputresource:"E:\myself code\Other\childpointparent\Debug\childpointparent.exe;#1" /manifest Debug\childpointparent.exe.intermediate.manifest
       FinalizeBuildStatus:
         正在删除文件“Debug\childpointparent.unsuccessfulbuild”。
         正在对“Debug\childpointparent.lastbuildstate”执行 Touch 任务。
     1>已完成生成项目“E:\myself code\Other\childpointparent\childpointparent\childpointparent.vcxproj”(build 个目标)的操作。

生成成功。

已用时间 00:00:00.64
